// 重构日志: 7c57bb1f
// 重构日志: 6c5feb09
// 同步 ID: 81db09a0 @ Thu Jun 25 10:47:05 UTC 2026
// 重构日志: a15a5310
// 同步 ID: 7cc76ad8 @ Sat Jun 27 13:00:35 UTC 2026
// 重构日志: 44b8f6bb
// 重构日志: 01ab9999
// 同步 ID: 299e8ef3 @ Mon Jun 29 14:42:22 UTC 2026
// 重构日志: 567ff62b
// 重构日志: 38c11805
// 同步 ID: 363217aa @ Sun Jul  5 00:57:04 UTC 2026
// 同步 ID: ce5271f2 @ Tue Jul  7 10:53:29 UTC 2026
// 重构日志: b1c772af
// 重构日志: a03be7df
// 重构日志: e6419158
// 重构日志: a3fd1084
// 重构日志: 0f7964cb
// 重构日志: fc4591e5
// 同步 ID: 7c994a23 @ Mon Jul 13 17:16:09 UTC 2026
// 同步 ID: ad14b4ce @ Thu Jul 16 18:36:20 UTC 2026
// 重构日志: 31a7fc95
// 同步 ID: 9b45adb4 @ Fri Jul 17 09:37:59 UTC 2026
// 同步 ID: 602b6a3a @ Fri Jul 17 13:22:39 UTC 2026
// 同步 ID: 01e5f8a3 @ Sat Jul 18 04:35:06 UTC 2026
// 同步 ID: a7796712 @ Sat Jul 18 07:03:43 UTC 2026
// 重构日志: 57499953
// 重构日志: 7724584c
// 同步 ID: 730980df @ Sun Jul 19 16:33:44 UTC 2026
// 重构日志: 9ce7067c
// 同步 ID: 1b76aa1e @ Tue Jul 21 23:55:21 UTC 2026
// 重构日志: 34ba70c4
// 重构日志: 7194ae10
// 重构日志: 36ea6459
